[2025-04-02T13:32:41.863Z] Invalid broadcast request received.

[2025-04-02T13:32:41.918Z] Invalid broadcast request received.

[2025-04-02T13:32:41.925Z] Invalid broadcast request received.

[2025-04-02T13:32:41.929Z] Invalid broadcast request received.

[2025-04-02T13:32:41.934Z] Invalid broadcast request received.

[2025-04-02T13:32:41.940Z] Invalid broadcast request received.

[2025-04-02T13:32:41.946Z] Invalid broadcast request received.

[2025-04-02T13:35:04.766Z] Invalid broadcast request received.

[2025-04-02T13:35:04.772Z] Invalid broadcast request received.

[2025-04-02T13:35:04.778Z] Invalid broadcast request received.

[2025-04-02T13:35:04.786Z] Invalid broadcast request received.

[2025-04-02T13:35:04.793Z] Invalid broadcast request received.

[2025-04-02T13:35:04.799Z] Invalid broadcast request received.

[2025-04-02T13:35:04.806Z] Invalid broadcast request received.

[2025-04-02T13:46:53.401Z] Invalid broadcast request received.

[2025-04-02T13:46:53.445Z] Invalid broadcast request received.

[2025-04-02T13:46:53.449Z] Invalid broadcast request received.

[2025-04-02T13:46:53.455Z] Invalid broadcast request received.

[2025-04-02T13:46:53.465Z] Invalid broadcast request received.

[2025-04-02T13:46:53.481Z] Invalid broadcast request received.

[2025-04-02T13:46:53.499Z] Invalid broadcast request received.

[2025-04-02T13:51:25.389Z] Invalid broadcast request received.

[2025-04-02T13:51:27.311Z] Invalid broadcast request received.

[2025-04-02T13:51:27.328Z] Invalid broadcast request received.

[2025-04-02T13:51:27.333Z] Invalid broadcast request received.

[2025-04-02T13:51:29.033Z] Invalid broadcast request received.

[2025-04-02T13:51:30.894Z] Invalid broadcast request received.

[2025-04-02T13:51:32.538Z] Invalid broadcast request received.

[2025-04-02T14:22:42.850Z] Invalid broadcast request received.

[2025-04-02T14:22:42.857Z] Invalid broadcast request received.

[2025-04-02T14:22:44.542Z] Invalid broadcast request received.

[2025-04-02T14:22:44.546Z] Invalid broadcast request received.

[2025-04-02T14:22:44.550Z] Invalid broadcast request received.

[2025-04-02T14:22:44.557Z] Invalid broadcast request received.

[2025-04-02T14:22:44.564Z] Invalid broadcast request received.

[2025-04-02T14:22:44.569Z] Invalid broadcast request received.

[2025-04-02T14:22:46.194Z] Invalid broadcast request received.

[2025-04-02T14:22:46.199Z] Invalid broadcast request received.

[2025-04-02T14:22:47.717Z] Invalid broadcast request received.

[2025-04-02T14:22:47.720Z] Invalid broadcast request received.

[2025-04-02T14:22:49.078Z] Invalid broadcast request received.

[2025-04-02T14:22:49.081Z] Invalid broadcast request received.

[2025-04-02T14:30:50.467Z] Server running on http://localhost:3322

[2025-04-02T14:30:56.525Z] Broadcasted event: hol to room: em | Data: "ehi"

[2025-04-02T14:30:56.544Z] Broadcasted event: hol to room: em | Data: "ehi"

[2025-04-02T14:30:57.786Z] Broadcasted event: hol to room: em | Data: "ehi"

[2025-04-02T14:30:57.790Z] Broadcasted event: hol to room: em | Data: "ehi"

[2025-04-02T14:30:57.793Z] Broadcasted event: hol to room: em | Data: "ehi"

[2025-04-02T14:30:57.796Z] Broadcasted event: hol to room: em | Data: "ehi"

[2025-04-02T14:30:57.800Z] Broadcasted event: hol to room: em | Data: "ehi"

[2025-04-02T14:30:57.805Z] Broadcasted event: hol to room: em | Data: "ehi"

[2025-04-02T14:30:59.050Z] Broadcasted event: hol to room: em | Data: "ehi"

[2025-04-02T14:30:59.054Z] Broadcasted event: hol to room: em | Data: "ehi"

[2025-04-02T14:31:00.403Z] Broadcasted event: hol to room: em | Data: "ehi"

[2025-04-02T14:31:00.407Z] Broadcasted event: hol to room: em | Data: "ehi"

[2025-04-02T14:31:01.616Z] Broadcasted event: hol to room: em | Data: "ehi"

[2025-04-02T14:31:01.619Z] Broadcasted event: hol to room: em | Data: "ehi"

[2025-04-02T14:33:38.836Z] Broadcasted event: hol to room: em | Data: "ehi"

[2025-04-02T14:33:40.309Z] Broadcasted event: hol to room: em | Data: "ehi"

[2025-04-02T14:33:40.315Z] Broadcasted event: hol to room: em | Data: "ehi"

[2025-04-02T14:33:40.319Z] Broadcasted event: hol to room: em | Data: "ehi"

[2025-04-02T14:33:41.523Z] Broadcasted event: hol to room: em | Data: "ehi"

[2025-04-02T14:33:42.855Z] Broadcasted event: hol to room: em | Data: "ehi"

[2025-04-02T14:33:44.226Z] Broadcasted event: hol to room: em | Data: "ehi"

[2025-04-02T14:34:53.946Z] Server running on http://localhost:3322

[2025-04-02T14:34:59.812Z] Broadcasted event: ride_created to client | Data: {"order":{"ride_type_id":2,"initial_estimated_amount":9894,"amount":9894,"fare_amount":null,"from_long":3.3792,"from_lat":6.669,"to_long":3.3588,"to_lat":6.5228,"customer":"b9e2266a-b45b-4a6e-aed6-cbb710033020","to_address":"Gbagada","from_address":"Mowe","payment_mode":"cash","status":"pending","rejected_by":[],"eta":"38 minutes 57 seconds","distance":21.387,"id":"0860f1d2-834d-4aac-9aa4-a6c63da48ea0","updated_at":"2025-04-02T14:34:58.000000Z","created_at":"2025-04-02T14:34:58.000000Z","channel_name":"ride_0860f1d2-834d-4aac-9aa4-a6c63da48ea0","agora_token_chat":"007eJxTYJjZynFZ1e2Xm6kP+zWP8waSSboLH26fvb6MO+J1bln06k4FhtS0tCQzCzMjA+NkE5PENOOkREtLA5NkEwszy8REExMDIe+36QZaDAxBU2xZGBlYGRiBEMRnYAAAKs4bQQ=="},"ride_type":{"id":2,"title":"Chairman","description":"Comfort with air conditioning","image_url":"https://wakajugbe.sky51event.uk/images/ride_types/chairman.png","base_fare":"1.80","per_km":"100.00","per_minute":"40.00","number_of_seats":4,"comfort_rate":"4.00","is_recommended":false},"user":{"id":"b9e2266a-b45b-4a6e-aed6-cbb710033020","name":"Abiodun Osagie","email":"abiodunosagie8@gmail.com","phone":"2347030850395","photo_url":"https://wakajugbe.sky51event.uk/images/202503291817compressed.jpg","rating":0,"agora_username":null},"driver":{"id":"85ead4f4-ab28-468a-aeb6-199404df3702","name":"Krysnkem","email":"krysnkem@gmail.com","phone":"2348146016563","photo_url":null,"agora_username":"krysnkem_gmail_com_driver","rating":0}}

[2025-04-02T14:35:01.286Z] Broadcasted event: ride_created to client | Data: {"order":{"ride_type_id":2,"initial_estimated_amount":9894,"amount":9894,"fare_amount":null,"from_long":3.3792,"from_lat":6.669,"to_long":3.3588,"to_lat":6.5228,"customer":"b9e2266a-b45b-4a6e-aed6-cbb710033020","to_address":"Gbagada","from_address":"Mowe","payment_mode":"cash","status":"pending","rejected_by":[],"eta":"38 minutes 57 seconds","distance":21.387,"id":"0860f1d2-834d-4aac-9aa4-a6c63da48ea0","updated_at":"2025-04-02T14:34:58.000000Z","created_at":"2025-04-02T14:34:58.000000Z","channel_name":"ride_0860f1d2-834d-4aac-9aa4-a6c63da48ea0","agora_token_chat":"007eJxTYJjZynFZ1e2Xm6kP+zWP8waSSboLH26fvb6MO+J1bln06k4FhtS0tCQzCzMjA+NkE5PENOOkREtLA5NkEwszy8REExMDIe+36QZaDAxBU2xZGBlYGRiBEMRnYAAAKs4bQQ=="},"ride_type":{"id":2,"title":"Chairman","description":"Comfort with air conditioning","image_url":"https://wakajugbe.sky51event.uk/images/ride_types/chairman.png","base_fare":"1.80","per_km":"100.00","per_minute":"40.00","number_of_seats":4,"comfort_rate":"4.00","is_recommended":false},"user":{"id":"b9e2266a-b45b-4a6e-aed6-cbb710033020","name":"Abiodun Osagie","email":"abiodunosagie8@gmail.com","phone":"2347030850395","photo_url":"https://wakajugbe.sky51event.uk/images/202503291817compressed.jpg","rating":0,"agora_username":null},"driver":{"id":"a157a53b-c5dd-408d-8926-6b2e4af9c3db","name":"Onyisi Nkem","email":"onyisinkemdilim@gmail.com","phone":"2348183819437","photo_url":null,"agora_username":"onyisinkemdilim_gmail_com_driver","rating":0}}

[2025-04-02T14:35:01.292Z] Broadcasted event: ride_created to client | Data: {"order":{"ride_type_id":2,"initial_estimated_amount":9894,"amount":9894,"fare_amount":null,"from_long":3.3792,"from_lat":6.669,"to_long":3.3588,"to_lat":6.5228,"customer":"b9e2266a-b45b-4a6e-aed6-cbb710033020","to_address":"Gbagada","from_address":"Mowe","payment_mode":"cash","status":"pending","rejected_by":[],"eta":"38 minutes 57 seconds","distance":21.387,"id":"0860f1d2-834d-4aac-9aa4-a6c63da48ea0","updated_at":"2025-04-02T14:34:58.000000Z","created_at":"2025-04-02T14:34:58.000000Z","channel_name":"ride_0860f1d2-834d-4aac-9aa4-a6c63da48ea0","agora_token_chat":"007eJxTYJjZynFZ1e2Xm6kP+zWP8waSSboLH26fvb6MO+J1bln06k4FhtS0tCQzCzMjA+NkE5PENOOkREtLA5NkEwszy8REExMDIe+36QZaDAxBU2xZGBlYGRiBEMRnYAAAKs4bQQ=="},"ride_type":{"id":2,"title":"Chairman","description":"Comfort with air conditioning","image_url":"https://wakajugbe.sky51event.uk/images/ride_types/chairman.png","base_fare":"1.80","per_km":"100.00","per_minute":"40.00","number_of_seats":4,"comfort_rate":"4.00","is_recommended":false},"user":{"id":"b9e2266a-b45b-4a6e-aed6-cbb710033020","name":"Abiodun Osagie","email":"abiodunosagie8@gmail.com","phone":"2347030850395","photo_url":"https://wakajugbe.sky51event.uk/images/202503291817compressed.jpg","rating":0,"agora_username":null},"driver":{"id":"2cd3bd51-ebe2-4f8f-a53b-0f981e225a2e","name":"Krys Nkem","email":"onyisichristian@gmail.com","phone":"2348146016560","photo_url":null,"agora_username":"onyisichristian_gmail_com_driver","rating":0}}

[2025-04-02T14:35:01.298Z] Broadcasted event: ride_created to client | Data: {"order":{"ride_type_id":2,"initial_estimated_amount":9894,"amount":9894,"fare_amount":null,"from_long":3.3792,"from_lat":6.669,"to_long":3.3588,"to_lat":6.5228,"customer":"b9e2266a-b45b-4a6e-aed6-cbb710033020","to_address":"Gbagada","from_address":"Mowe","payment_mode":"cash","status":"pending","rejected_by":[],"eta":"38 minutes 57 seconds","distance":21.387,"id":"0860f1d2-834d-4aac-9aa4-a6c63da48ea0","updated_at":"2025-04-02T14:34:58.000000Z","created_at":"2025-04-02T14:34:58.000000Z","channel_name":"ride_0860f1d2-834d-4aac-9aa4-a6c63da48ea0","agora_token_chat":"007eJxTYJjZynFZ1e2Xm6kP+zWP8waSSboLH26fvb6MO+J1bln06k4FhtS0tCQzCzMjA+NkE5PENOOkREtLA5NkEwszy8REExMDIe+36QZaDAxBU2xZGBlYGRiBEMRnYAAAKs4bQQ=="},"ride_type":{"id":2,"title":"Chairman","description":"Comfort with air conditioning","image_url":"https://wakajugbe.sky51event.uk/images/ride_types/chairman.png","base_fare":"1.80","per_km":"100.00","per_minute":"40.00","number_of_seats":4,"comfort_rate":"4.00","is_recommended":false},"user":{"id":"b9e2266a-b45b-4a6e-aed6-cbb710033020","name":"Abiodun Osagie","email":"abiodunosagie8@gmail.com","phone":"2347030850395","photo_url":"https://wakajugbe.sky51event.uk/images/202503291817compressed.jpg","rating":0,"agora_username":null},"driver":{"id":"44c410cf-e119-428c-bc26-3ff8c156489d","name":"Test Driver","email":"greattester@indigobook.com","phone":"2348161919555","photo_url":null,"agora_username":null,"rating":0}}

[2025-04-02T14:35:02.623Z] Broadcasted event: ride_created to client | Data: {"order":{"ride_type_id":2,"initial_estimated_amount":9894,"amount":9894,"fare_amount":null,"from_long":3.3792,"from_lat":6.669,"to_long":3.3588,"to_lat":6.5228,"customer":"b9e2266a-b45b-4a6e-aed6-cbb710033020","to_address":"Gbagada","from_address":"Mowe","payment_mode":"cash","status":"pending","rejected_by":[],"eta":"38 minutes 57 seconds","distance":21.387,"id":"0860f1d2-834d-4aac-9aa4-a6c63da48ea0","updated_at":"2025-04-02T14:34:58.000000Z","created_at":"2025-04-02T14:34:58.000000Z","channel_name":"ride_0860f1d2-834d-4aac-9aa4-a6c63da48ea0","agora_token_chat":"007eJxTYJjZynFZ1e2Xm6kP+zWP8waSSboLH26fvb6MO+J1bln06k4FhtS0tCQzCzMjA+NkE5PENOOkREtLA5NkEwszy8REExMDIe+36QZaDAxBU2xZGBlYGRiBEMRnYAAAKs4bQQ=="},"ride_type":{"id":2,"title":"Chairman","description":"Comfort with air conditioning","image_url":"https://wakajugbe.sky51event.uk/images/ride_types/chairman.png","base_fare":"1.80","per_km":"100.00","per_minute":"40.00","number_of_seats":4,"comfort_rate":"4.00","is_recommended":false},"user":{"id":"b9e2266a-b45b-4a6e-aed6-cbb710033020","name":"Abiodun Osagie","email":"abiodunosagie8@gmail.com","phone":"2347030850395","photo_url":"https://wakajugbe.sky51event.uk/images/202503291817compressed.jpg","rating":0,"agora_username":null},"driver":{"id":"2686c663-0c59-45bf-90a5-bb984c7bcd91","name":"Steve Wonders","email":"gumlinordo@gufum.com","phone":"2347030865039","photo_url":null,"agora_username":null,"rating":0}}

[2025-04-02T14:35:03.855Z] Broadcasted event: ride_created to client | Data: {"order":{"ride_type_id":2,"initial_estimated_amount":9894,"amount":9894,"fare_amount":null,"from_long":3.3792,"from_lat":6.669,"to_long":3.3588,"to_lat":6.5228,"customer":"b9e2266a-b45b-4a6e-aed6-cbb710033020","to_address":"Gbagada","from_address":"Mowe","payment_mode":"cash","status":"pending","rejected_by":[],"eta":"38 minutes 57 seconds","distance":21.387,"id":"0860f1d2-834d-4aac-9aa4-a6c63da48ea0","updated_at":"2025-04-02T14:34:58.000000Z","created_at":"2025-04-02T14:34:58.000000Z","channel_name":"ride_0860f1d2-834d-4aac-9aa4-a6c63da48ea0","agora_token_chat":"007eJxTYJjZynFZ1e2Xm6kP+zWP8waSSboLH26fvb6MO+J1bln06k4FhtS0tCQzCzMjA+NkE5PENOOkREtLA5NkEwszy8REExMDIe+36QZaDAxBU2xZGBlYGRiBEMRnYAAAKs4bQQ=="},"ride_type":{"id":2,"title":"Chairman","description":"Comfort with air conditioning","image_url":"https://wakajugbe.sky51event.uk/images/ride_types/chairman.png","base_fare":"1.80","per_km":"100.00","per_minute":"40.00","number_of_seats":4,"comfort_rate":"4.00","is_recommended":false},"user":{"id":"b9e2266a-b45b-4a6e-aed6-cbb710033020","name":"Abiodun Osagie","email":"abiodunosagie8@gmail.com","phone":"2347030850395","photo_url":"https://wakajugbe.sky51event.uk/images/202503291817compressed.jpg","rating":0,"agora_username":null},"driver":{"id":"0add72cb-0e00-4cc7-bc8c-61dfc96cfdeb","name":"Samuel","email":"samuelkanu557@gmail.com","phone":"2348060240914","photo_url":null,"agora_username":"samuelkanu557_gmail_com_driver","rating":0}}

[2025-04-02T14:35:05.018Z] Broadcasted event: ride_created to client | Data: {"order":{"ride_type_id":2,"initial_estimated_amount":9894,"amount":9894,"fare_amount":null,"from_long":3.3792,"from_lat":6.669,"to_long":3.3588,"to_lat":6.5228,"customer":"b9e2266a-b45b-4a6e-aed6-cbb710033020","to_address":"Gbagada","from_address":"Mowe","payment_mode":"cash","status":"pending","rejected_by":[],"eta":"38 minutes 57 seconds","distance":21.387,"id":"0860f1d2-834d-4aac-9aa4-a6c63da48ea0","updated_at":"2025-04-02T14:34:58.000000Z","created_at":"2025-04-02T14:34:58.000000Z","channel_name":"ride_0860f1d2-834d-4aac-9aa4-a6c63da48ea0","agora_token_chat":"007eJxTYJjZynFZ1e2Xm6kP+zWP8waSSboLH26fvb6MO+J1bln06k4FhtS0tCQzCzMjA+NkE5PENOOkREtLA5NkEwszy8REExMDIe+36QZaDAxBU2xZGBlYGRiBEMRnYAAAKs4bQQ=="},"ride_type":{"id":2,"title":"Chairman","description":"Comfort with air conditioning","image_url":"https://wakajugbe.sky51event.uk/images/ride_types/chairman.png","base_fare":"1.80","per_km":"100.00","per_minute":"40.00","number_of_seats":4,"comfort_rate":"4.00","is_recommended":false},"user":{"id":"b9e2266a-b45b-4a6e-aed6-cbb710033020","name":"Abiodun Osagie","email":"abiodunosagie8@gmail.com","phone":"2347030850395","photo_url":"https://wakajugbe.sky51event.uk/images/202503291817compressed.jpg","rating":0,"agora_username":null},"driver":{"id":"10426534-6cbe-41e5-a468-08e174c9f60d","name":"Victoria Effiong","email":"victoriaisaac.e@gmail.com","phone":"2348123255067","photo_url":null,"agora_username":"victoriaisaac_e_gmail_com_driver","rating":0}}

[2025-04-03T21:05:18.655Z] Server running on http://localhost:3322

[2025-04-03T21:08:38.850Z] Server running on http://localhost:3322

[2025-04-03T21:09:05.505Z] Server running on http://localhost:3322

[2025-04-03T21:10:48.731Z] Server running on http://localhost:3322

[2025-04-03T21:10:57.235Z] Server running on http://localhost:3322

